make.exe all --print-data-base --no-builtin-variables --no-builtin-rules --question
# GNU Make 3.81
# Copyright (C) 2006  Free Software Foundation, Inc.
# This is free software; see the source for copying conditions.
# There is NO warranty; not even for MERCHANTABILITY or FITNESS FOR A
# PARTICULAR PURPOSE.

# This program built for i386-pc-mingw32
 

# Make data base, printed on Wed Sep 14 00:38:50 2022

# Variables

# automatic
<D = $(patsubst %/,%,$(dir $<))
# automatic
?F = $(notdir $?)
# environment
CARBON_MEM_DISABLE = 1
# environment
UGII_CUSTOM_DIRECTORY_FILE = C:\Users\Samer\AppData\Roaming\Ansys\v201\Unigraphics\custom_dirs.dat
# makefile
MAKEFLAGS = Rrqp
# automatic
?D = $(patsubst %/,%,$(dir $?))
# automatic
@D = $(patsubst %/,%,$(dir $@))
# environment
HOMEDRIVE = C:
# automatic
@F = $(notdir $@)
# automatic
^D = $(patsubst %/,%,$(dir $^))
 
# makefile
CURDIR := d:/Toturials/Embedded-System-Design of State-Machines using UML and QP/Practice/FSM_Mealy_Exercise
# default
SHELL := sh.exe
# environment
UGII_BASE_DIR = C:\Program Files\Siemens\NX 12.0
# environment
WINDIR = C:\Windows
# environment
VSCODE_NLS_CONFIG = {"locale":"en-us","availableLanguages":{},"_languagePackSupport":true}
# environment
ONEDRIVE = C:\Users\Samer\OneDrive
# environment
PATHEXT = .COM;.EXE;.BAT;.CMD;.VBS;.VBE;.JS;.JSE;.WSF;.WSH;.MSC
# makefile
MAKEFILE_LIST := 
# environment
ICEMCFD_SYSDIR = win64_amd
# environment
TMP = C:\Users\Samer\AppData\Local\Temp
# environment
PROGRAMW6432 = C:\Program Files
# environment
PROGRAMDATA = C:\ProgramData
# environment
VSCODE_CWD = C:\Program Files\Microsoft VS Code
# environment
ANSYSLIC_DIR = C:\Program Files\ANSYS Inc\Shared Files\Licensing
# environment
PATH = C:\Program Files (x86)\VMware\VMware Player\bin\;C:\Program Files (x86)\NVIDIA Corporation\PhysX\Common;C:\Windows\system32;C:\Windows;C:\Windows\System32\Wbem;C:\Windows\System32\WindowsPowerShell\v1.0\;C:\Windows\System32\OpenSSH\;C:\Program Files (x86)\Windows Kits\8.1\Windows Performance Toolkit\;C:\Program Files\MATLAB\R2017b\runtime\win64;C:\Program Files\MATLAB\R2017b\bin;C:\Program Files\MSC.Software\Adams\2020_711253\bin;C:\Program Files\Microsoft SQL Server\Client SDK\ODBC\170\Tools\Binn\;C:\Program Files (x86)\Microsoft SQL Server\150\Tools\Binn\;C:\Program Files\Microsoft SQL Server\150\Tools\Binn\;C:\Program Files\Microsoft SQL Server\150\DTS\Binn\;C:\Program Files\CodeBlocks\MinGW\bin\;C:\Program Files\Microsoft VS Code\bin;C:\Program Files\Git\cmd;C:\Program Files\CodeBlocks\MinGW\opt\lib\python2.7\config\Makefile;C:\AVR-toolchain\avrdude-6.4-mingw32;C:\AVR-toolchain\avr8-gnu-toolchain\bin;C:\AVR-toolchain\avr8-gnu-toolchain\avr\bin;C:\AVR-toolchain\make-3.81-bin\bin;C:\AVR-toolchain\coreutils-5.3.0-bin\bin;C:\Users\Samer\AppData\Local\Microsoft\WindowsApps;
# environment
SPLM_LICENSE_SERVER = 27800@localhost
# environment
COMMONPROGRAMW6432 = C:\Program Files\Common Files
# environment
CHOCOLATEYLASTPATHUPDATE = 133036942613365141
# environment
PROCESSOR_ARCHITECTURE = x86
# environment
USERPROFILE = C:\Users\Samer
# environment
CHOCOLATEYINSTALL = C:\ProgramData\chocolatey
# environment
ALLUSERSPROFILE = C:\ProgramData
# environment
NUMBER_OF_PROCESSORS = 4
# environment
ELECTRON_RUN_AS_NODE = 1
# default
.FEATURES := target-specific order-only second-expansion else-if archives
# automatic
%F = $(notdir $%)
# environment
CHROME_CRASHPAD_PIPE_NAME = \\.\pipe\crashpa 
d_9036_PQGYTYFMOJCPUXPT
# environment
ANSYS_SYSDIR = winx64
# environment
AWP_ROOT194 = C:\Program Files\ANSYS Inc\v194
# environment
COMPUTERNAME = DESKTOP-TS6AERR
# environment
PROGRAMFILES = C:\Program Files (x86)
# environment
DRIVERDATA = C:\Windows\System32\Drivers\DriverData
# environment
ORIGINAL_XDG_CURRENT_DESKTOP = undefined
# automatic
<F = $(notdir $<)
# environment
USERNAME = Samer
# environment
PUBLIC = C:\Users\Public
# environment
VSCODE_AMD_ENTRYPOINT = vs/workbench/api/node/extensionHostProcess
# environment
LSTC_LICENSE = ANSYS
# environment
VSCODE_CODE_CACHE_PATH = C:\Users\Samer\AppData\Roaming\Code\CachedData\da76f93349a72022ca4670c1b84860304616aaa2
# environment
APPLICATION_INSIGHTS_NO_DIAGNOSTIC_CHANNEL = 1
# environment
COMMONPROGRAMFILES = C:\Program Files (x86)\Common Files
# environment
LOGONSERVER = \\DESKTOP-TS6AERR
# environment
ONEDRIVECONSUMER = C:\Users\Samer\OneDrive
# environment
VSCODE_HANDLES_UNCAUGHT_ERRORS = true
# environment
USERDOMAIN = DESKTOP-TS6AERR
# default
MAK 
E = $(MAKE_COMMAND)
# default
MAKECMDGOALS := all
# environment
UGII_LANG = english
# environment
P_SCHEMA = C:\Program Files\ANSYS Inc\v194\AISOL\CADIntegration\Parasolid\PSchema
# default
MAKE_VERSION := 3.81
# makefile
.DEFAULT_GOAL := 
# environment
PTC_D_LICENSE_FILE = C:\Program Files\PTC\PTC_D_SSQ.dat
# environment
PROGRAMFILES(X86) = C:\Program Files (x86)
# automatic
%D = $(patsubst %/,%,$(dir $%))
# environment
LOCALAPPDATA = C:\Users\Samer\AppData\Local
# environment
PSMODULEPATH = C:\Program Files\WindowsPowerShell\Modules;C:\Windows\system32\WindowsPowerShell\v1.0\Modules;C:\Program Files (x86)\Microsoft SQL Server\150\Tools\PowerShell\Modules\
# default
MAKE_COMMAND := make.exe
# environment
PROCESSOR_ARCHITEW6432 = AMD64
# default
.VARIABLES := 
# automatic
*F = $(notdir $*)
# environment
PROCESSOR_IDENTIFIER = Intel64 Family 6 Model 142 Stepping 9, GenuineIntel
# environment
OS = Windows_NT
# environment
VSCODE_IPC_HOOK = \\.\pipe\c1928540717bac26d5c38111a9fa9bd8-1.70.0-main-sock
# environment 

HOMEPATH = \Users\Samer
# environment
COMMONPROGRAMFILES(X86) = C:\Program Files (x86)\Common Files
# environment
PROMPT = $P$G
# environment
MFLAGS = -Rrqp
# automatic
*D = $(patsubst %/,%,$(dir $*))
# environment
SYSTEMROOT = C:\Windows
# automatic
+D = $(patsubst %/,%,$(dir $+))
# environment
MSCLIC_INI = C:\Program Files\MSC.Software\MSC Licensing\Helium\msclic.ini
# automatic
+F = $(notdir $+)
# environment
ICEMCFD_ROOT194 = C:\Program Files\ANSYS Inc\v194\icemcfd
# environment
APPDATA = C:\Users\Same 
r\AppData\Roaming
# environment
TEMP = C:\Users\Samer\AppData\Local\Temp
# environment
COMSPEC = C:\Windows\system32\cmd.exe
# default
MAKEFILES := 
# environment
ANS_OLD_ATTACH = 1
# environment
CADOE_LIBDIR194 = C:\Program Files\ANSYS Inc\v194\CommonFiles\Language\en-us
# environment
CADOE_LIBDIR202 = C:\Program Files\ANSYS Inc\v202\CommonFiles\Language\en-us
# environment
LC_ALL = C
# automatic
^F = $(notdir $^)
# default
SUFFIXES := 
# environment
SYSTEMDRIVE = C:
# environment
SESSIONNAME = Console
# e 
nvironment
AWP_LOCALE194 = en-us
# environment
PROCESSOR_REVISION = 8e09
# environment
MAKELEVEL := 0
# environment
LANG = C
# environment
PROCESSOR_LEVEL = 6
# environment
VSCODE_PID = 9036
# environment
USERDOMAIN_ROAMINGPROFILE = DESKTOP-TS6AERR
# variable set hash-table stats:
# Load=102/1024=10%, Rehash=0, Collisions=13/119=11%

# Pattern-specific Variable Values

# No pattern-specific variable values.

# Directories

# C:\Program Files\CodeBlocks\MinGW\bin\ (key C:/Program Files/CodeBlocks/MinGW/bin/, 
 mtime 1655760289): 58 files, no impossibilities.
# C:\Program Files\Microsoft SQL Server\150\Tools\Binn\ (key C:/Program Files/Microsoft SQL Server/150/Tools/Binn/, mtime 1654266310): 13 files, no impossibilities.
# C:\Windows\System32\WindowsPowerShell\v1.0\ (key C:/Windows/System32/WindowsPowerShell/v1.0/, mtime 1650990893): 30 files, no impossibilities.
# C:\Windows\System32\Wbem (key C:/Windows/System32/Wbem, mtime 1650990893): 170 files, no impossibilities.
# . (key d:/Toturials/Embedded-System-Design 
 of State-Machines using UML and QP/Practice/FSM_Mealy_Exercise, mtime 1663108728): 10 files, no impossibilities.
# C:\Program Files (x86)\Windows Kits\8.1\Windows Performance Toolkit\ (key C:/Program Files (x86)/Windows Kits/8.1/Windows Performance Toolkit/, mtime 1589099548): 73 files, no impossibilities.
# C:\Program Files (x86)\NVIDIA Corporation\PhysX\Common (key C:/Program Files (x86)/NVIDIA Corporation/PhysX/Common, mtime 1654266564): 5 files, no impossibilities.
# C:\Users\Samer\AppData\Local\Micros 
oft\WindowsApps (key C:/Users/Samer/AppData/Local/Microsoft/WindowsApps, mtime 1600763126): 12 files, no impossibilities.
# C:\Program Files\CodeBlocks\MinGW\opt\lib\python2.7\config\Makefile (key C:/Program Files/CodeBlocks/MinGW/opt/lib/python2.7/config/Makefile, mtime 1526108566): could not be opened.
# C:\AVR-toolchain\avrdude-6.4-mingw32 (key C:/AVR-toolchain/avrdude-6.4-mingw32, mtime 1660453556): 6 files, no impossibilities.
# C:\AVR-toolchain\make-3.81-bin\bin (key C:/AVR-toolchain/make-3.81-bin/bin 
, mtime 1660506835): 5 files, no impossibilities.
# C:\Windows\System32\OpenSSH\: could not be stat'd.
# C:\Program Files\MATLAB\R2017b\bin (key C:/Program Files/MATLAB/R2017b/bin, mtime 1590295742): 21 files, no impossibilities.
# C:\Program Files\Microsoft VS Code\bin (key C:/Program Files/Microsoft VS Code/bin, mtime 1659636710): 4 files, no impossibilities.
# C:\Windows (key C:/Windows, mtime 1663080824): 135 files, no impossibilities.
# C:\AVR-toolchain\avr8-gnu-toolchain\avr\bin (key C:/AVR-toolchain/ 
avr8-gnu-toolchain/avr/bin, mtime 1660505909): 12 files, no impossibilities.
# C:\Program Files (x86)\Microsoft SQL Server\150\Tools\Binn\ (key C:/Program Files (x86)/Microsoft SQL Server/150/Tools/Binn/, mtime 1654266310): 11 files, no impossibilities.
# C:\Program Files\Microsoft SQL Server\Client SDK\ODBC\170\Tools\Binn\ (key C:/Program Files/Microsoft SQL Server/Client SDK/ODBC/170/Tools/Binn/, mtime 1654266334): 6 files, no impossibilities.
# C:\Program Files\Microsoft SQL Server\150\DTS\Binn\ (key C:/ 
Program Files/Microsoft SQL Server/150/DTS/Binn/, mtime 1654266334): 46 files, no impossibilities.
# C:\AVR-toolchain\avr8-gnu-toolchain\bin (key C:/AVR-toolchain/avr8-gnu-toolchain/bin, mtime 1660505912): 31 files, no impossibilities.
# C:\AVR-toolchain\coreutils-5.3.0-bin\bin (key C:/AVR-toolchain/coreutils-5.3.0-bin/bin, mtime 1660507036): 102 files, no impossibilities.
# C:\Program Files\Git\cmd (key C:/Program Files/Git/cmd, mtime 1659132901): 8 files, no impossibilities.
# C:\Windows\system32 (key C:/ 
Windows/system32, mtime 1662052589): 3056 files, no impossibilities.
# C:\Program Files\MSC.Software\Adams\2020_711253\bin (key C:/Program Files/MSC.Software/Adams/2020_711253/bin, mtime 1606741091): 5 files, no impossibilities.
# C:\Program Files\MATLAB\R2017b\runtime\win64 (key C:/Program Files/MATLAB/R2017b/runtime/win64, mtime 1590295836): 7 files, no impossibilities.
# C:\Program Files (x86)\VMware\VMware Player\bin\ (key C:/Program Files (x86)/VMware/VMware Player/bin/, mtime 1656604433): 4 files, no  
impossibilities.

# 3830 files, no impossibilities in 26 directories.

# Implicit Rules

# No implicit rules.

# Files

# Not a target:
all:
#  Command-line target.
#  Implicit rule search has been done.
#  File does not exist.
#  File has not been updated.
# variable set hash-table stats:
# Load=0/32=0%, Rehash=0, Collisions=0/0=0%

# Not a target:
.DEFAULT:
#  Implicit rule search has not been done.
#  Modification time never checked.
#  File has not been updated.

# Not a target:
makefile:
#  A default,  
MAKEFILES, or -include/sinclude makefile.
#  Implicit rule search has been done.
#  File does not exist.
#  File has been updated.
#  Failed to be updated.
# variable set hash-table stats:
# Load=0/32=0%, Rehash=0, Collisions=0/0=0%

# Not a target:
.SUFFIXES:
#  Implicit rule search has not been done.
#  Modification time never checked.
#  File has not been updated.

# Not a target:
GNUmakefile:
#  A default, MAKEFILES, or -include/sinclude makefile.
#  Implicit rule search has been done.
#  File does not  
exist.
#  File has been updated.
#  Failed to be updated.
# variable set hash-table stats:
# Load=0/32=0%, Rehash=0, Collisions=0/0=0%

# files hash-table stats:
# Load=5/1024=0%, Rehash=0, Collisions=0/16=0%
# VPATH Search Paths

# No `vpath' search paths.

# No general (`VPATH' variable) search path.

# # of strings in strcache: 0
# # of strcache buffers: 0
# strcache size: total = 0 / max = 0 / min = 4096 / avg = 0
# strcache free: total = 0 / max = 0 / min = 4096 / avg = 0

# Finished Make data base on  
make.exe: *** No rule to make target `all'.  Stop.

Wed Sep 14 00:38:50 2022

 
